<?xml version="1.0" encoding="UTF-8"?>
<!-- Generated by org.testng.reporters.JUnitReportReporter -->
<testsuite hostname="LAPTOP-KFLGKE8K" failures="0" tests="2" name="TestScenarios.TestMethods_GoogleSearch" time="5.406" errors="0" timestamp="2022-10-03T15:42:02 IST" skipped="0">
  <testcase classname="TestScenarios.TestMethods_GoogleSearch" name="SearchOperation" time="1.996"/>
  <system-out/>
  <testcase classname="TestScenarios.TestMethods_GoogleSearch" name="VerifyAccessFacebook" time="3.410"/>
  <system-out/>
</testsuite> <!-- TestScenarios.TestMethods_GoogleSearch -->
